Build started 22-Nov-15 3:03:25 PM.
     1>Project "C:\Users\Adam\Documents\Uni\CGG\Assignment 1\Assignement 1 - Artillery Game\Assignement 1 - Artillery Game\Assignement 1 - Artillery Game.vcxproj" on node 2 (Build target(s)).
     1>ClCompile:
         C:\Program Files (x86)\Microsoft Visual Studio 11.0\VC\bin\CL.exe /c /ZI /nologo /W3 /WX- /Od /Oy- /D WIN32 /D _DEBUG /D _CONSOLE /D _UNICODE /D UNICODE /Gm /EHsc /RTC1 /MDd /GS /fp:precise /Zc:wchar_t /Zc:forScope /Fo"Debug\\" /Fd"Debug\vc110.pdb" /Gd /TP /analyze- /errorReport:prompt Source.cpp
         Source.cpp
     1>c:\users\adam\documents\uni\cgg\assignment 1\assignement 1 - artillery game\assignement 1 - artillery game\source.cpp(120): warning C4244: 'argument' : conversion from 'time_t' to 'unsigned int', possible loss of data
     1>c:\users\adam\documents\uni\cgg\assignment 1\assignement 1 - artillery game\assignement 1 - artillery game\source.cpp(199): warning C4244: '=' : conversion from 'double' to 'float', possible loss of data
     1>c:\users\adam\documents\uni\cgg\assignment 1\assignement 1 - artillery game\assignement 1 - artillery game\source.cpp(200): warning C4244: '=' : conversion from 'double' to 'float', possible loss of data
     1>c:\users\adam\documents\uni\cgg\assignment 1\assignement 1 - artillery game\assignement 1 - artillery game\source.cpp(201): warning C4244: '=' : conversion from 'double' to 'float', possible loss of data
     1>c:\users\adam\documents\uni\cgg\assignment 1\assignement 1 - artillery game\assignement 1 - artillery game\source.cpp(202): warning C4244: '=' : conversion from 'float' to 'int', possible loss of data
     1>c:\users\adam\documents\uni\cgg\assignment 1\assignement 1 - artillery game\assignement 1 - artillery game\source.cpp(315): warning C4244: 'argument' : conversion from 'time_t' to 'unsigned int', possible loss of data
     1>c:\users\adam\documents\uni\cgg\assignment 1\assignement 1 - artillery game\assignement 1 - artillery game\source.cpp(411): warning C4244: '=' : conversion from 'double' to 'float', possible loss of data
     1>c:\users\adam\documents\uni\cgg\assignment 1\assignement 1 - artillery game\assignement 1 - artillery game\source.cpp(412): warning C4244: '=' : conversion from 'double' to 'float', possible loss of data
     1>c:\users\adam\documents\uni\cgg\assignment 1\assignement 1 - artillery game\assignement 1 - artillery game\source.cpp(413): warning C4244: '=' : conversion from 'double' to 'float', possible loss of data
     1>c:\users\adam\documents\uni\cgg\assignment 1\assignement 1 - artillery game\assignement 1 - artillery game\source.cpp(414): warning C4244: '=' : conversion from 'float' to 'int', possible loss of data
     1>c:\users\adam\documents\uni\cgg\assignment 1\assignement 1 - artillery game\assignement 1 - artillery game\source.cpp(419): warning C4244: '=' : conversion from 'int' to 'float', possible loss of data
     1>c:\users\adam\documents\uni\cgg\assignment 1\assignement 1 - artillery game\assignement 1 - artillery game\source.cpp(423): warning C4244: '=' : conversion from 'int' to 'float', possible loss of data
       Link:
         C:\Program Files (x86)\Microsoft Visual Studio 11.0\VC\bin\link.exe /ERRORREPORT:PROMPT /OUT:"C:\Users\Adam\Documents\Uni\CGG\Assignment 1\Assignement 1 - Artillery Game\Debug\Assignement 1 - Artillery Game.exe" /INCREMENTAL /NOLOGO kernel32.lib user32.lib gdi32.lib winspool.lib comdlg32.lib advapi32.lib shell32.lib ole32.lib oleaut32.lib uuid.lib odbc32.lib odbccp32.lib /MANIFEST /MANIFESTUAC:"level='asInvoker' uiAccess='false'" /manifest:embed /DEBUG /PDB:"C:\Users\Adam\Documents\Uni\CGG\Assignment 1\Assignement 1 - Artillery Game\Debug\Assignement 1 - Artillery Game.pdb" /SUBSYSTEM:CONSOLE /TLBID:1 /DYNAMICBASE /NXCOMPAT /IMPLIB:"C:\Users\Adam\Documents\Uni\CGG\Assignment 1\Assignement 1 - Artillery Game\Debug\Assignement 1 - Artillery Game.lib" /MACHINE:X86 Debug\Source.obj
         Assignement 1 - Artillery Game.vcxproj -> C:\Users\Adam\Documents\Uni\CGG\Assignment 1\Assignement 1 - Artillery Game\Debug\Assignement 1 - Artillery Game.exe
     1>Done Building Project "C:\Users\Adam\Documents\Uni\CGG\Assignment 1\Assignement 1 - Artillery Game\Assignement 1 - Artillery Game\Assignement 1 - Artillery Game.vcxproj" (Build target(s)).

Build succeeded.

Time Elapsed 00:00:01.45
